writeCommonTags: couldn't write 'track' tag to 'Oddie Agam - Tanda-tanda A__rv4ouwJw.m4a' as it's not a positive integer
writeCommonTags: couldn't write 'track' tag to 'Sandro Tobing - Nuansa Kasih - Composer _ Dorie  hLimL4dWvh4.m4a' as it's not a positive integer
writeCommonTags: couldn't write 'year' tag to 'RayRay _ Aazar - Back _n Forth [OUT NOW] LGXeXv2Jy5g.m4a' as it's not a positive integer
writeCommonTags: couldn't write 'track' tag to 'RayRay _ Aazar - Back _n Forth [OUT NOW] LGXeXv2Jy5g.m4a' as it's not a positive integer
writeCommonTags: couldn't write 'year' tag to 'Destiny_s Child - Say My Name (Album Version)  _ zBaZuXrAUhg.m4a' as it's not a positive integer
writeCommonTags: couldn't write 'track' tag to 'Destiny_s Child - Say My Name (Album Version)  _ zBaZuXrAUhg.m4a' as it's not a positive integer
writeCommonTags: couldn't write 'year' tag to '[LYRIC VIDEO] BEN() - Deep Sorrow () - 2 Chief o uB7YvUgPJwE.m4a' as it's not a positive integer
writeCommonTags: couldn't write 'track' tag to '[LYRIC VIDEO] BEN() - Deep Sorrow () - 2 Chief o uB7YvUgPJwE.m4a' as it's not a positive integer
writeCommonTags: couldn't write 'year' tag to 'SMTOWN - SUPER JUNIOR-M -M _ (_ Perfection)_ MV  KaWeiV65uGU.m4a' as it's not a positive integer
writeCommonTags: couldn't write 'track' tag to 'SMTOWN - SUPER JUNIOR-M -M _ (_ Perfection)_ MV  KaWeiV65uGU.m4a' as it's not a positive integer
writeCommonTags: couldn't write 'track' tag to 'BUKAN CINTA BIASA (CINTAKU BUKAN DIATAS KERTAS T YY_ddDBlHLs.m4a' as it's not a positive integer
writeCommonTags: couldn't write 'track' tag to 'DJ DESA - TIK TOK VIRAL _ Bukan Cinta Biasa (Feb Ea2kGwhyI9k.m4a' as it's not a positive integer
writeCommonTags: couldn't write 'year' tag to 'Siti Nurhaliza - Bukan Cinta Biasa (Cover Intan) exqSm4Qmaj8.m4a' as it's not a positive integer
writeCommonTags: couldn't write 'track' tag to 'Siti Nurhaliza - Bukan Cinta Biasa (Cover Intan) exqSm4Qmaj8.m4a' as it's not a positive integer
writeCommonTags: couldn't write 'year' tag to 'I DON'T CARE-JUSTIN, ED-SHEERAN [HI-RES] AUDIO-OMpNPEydGL0.m4a' as it's not a positive integer
writeCommonTags: couldn't write 'track' tag to 'I DON'T CARE-JUSTIN, ED-SHEERAN [HI-RES] AUDIO-OMpNPEydGL0.m4a' as it's not a positive integer
writeCommonTags: couldn't write 'year' tag to 'Eye of The Tiger [ClubMix].m4a' as it's not a positive integer
writeCommonTags: couldn't write 'track' tag to 'Eye of The Tiger [ClubMix].m4a' as it's not a positive integer
writeCommonTags: couldn't write 'year' tag to 'Maneskin-Beggin' (CD Audio)-cIuYFCAJ2a8.m4a' as it's not a positive integer
writeCommonTags: couldn't write 'track' tag to 'Maneskin-Beggin' (CD Audio)-cIuYFCAJ2a8.m4a' as it's not a positive integer
writeCommonTags: couldn't write 'year' tag to 'Recording 11-05-2021  093716692.m4a' as it's not a positive integer
writeCommonTags: couldn't write 'track' tag to 'Recording 11-05-2021  093716692.m4a' as it's not a positive integer
writeCommonTags: couldn't write 'year' tag to 'Recording 11-05-2021  093716692.m4a' as it's not a positive integer
writeCommonTags: couldn't write 'track' tag to 'Recording 11-05-2021  093716692.m4a' as it's not a positive integer
TagLib: MPEG::Header::parse() -- MPEG header did not match MPEG synch.
TagLib: MPEG::Header::parse() -- data is too short for an MPEG frame header.
TagLib: MPEG::Header::parse() -- data is too short for an MPEG frame header.
TagLib: MPEG::Properties::read() -- Could not find an MPEG frame in the stream.
TagLib: MPEG::Header::parse() -- MPEG header did not match MPEG synch.
TagLib: MPEG::Header::parse() -- data is too short for an MPEG frame header.
TagLib: MPEG::Header::parse() -- data is too short for an MPEG frame header.
TagLib: MPEG::Properties::read() -- Could not find an MPEG frame in the stream.
